<?xml version="1.0" encoding="UTF-8"?>
<!-- Generated by org.testng.reporters.JUnitReportReporter -->
<testsuite skipped="0" hostname="DESKTOP-JMSEGEJ" name="TestCapitals" tests="4" failures="0" timestamp="2020-05-27T20:37:33 PDT" time="15.711" errors="0">
  <testcase name="positiveTestCasesSearchByCode" time="1.697" classname="TestCapitals"/>
  <system-out/>
  <testcase name="positiveTestCasesSearchByCountryName" time="1.718" classname="TestCapitals"/>
  <system-out/>
  <testcase name="NegativeTestCasesSearchByCountryName" time="1.425" classname="TestCapitals"/>
  <system-out/>
  <testcase name="NegativeTestCasesSearchByCode" time="10.871" classname="TestCapitals"/>
  <system-out/>
</testsuite> <!-- TestCapitals -->
