<?xml version="1.0" encoding="UTF-8"?>
<!-- Generated by org.testng.reporters.JUnitReportReporter -->
<testsuite skipped="0" hostname="DESKTOP-JMSEGEJ" name="TestCapitals" tests="4" failures="0" timestamp="2020-05-27T17:25:11 PDT" time="14.881" errors="0">
  <testcase name="positiveTestCasesSearchByCode" time="2.018" classname="TestCapitals"/>
  <system-out/>
  <testcase name="NegativeTestCasesSearchByCode" time="7.160" classname="TestCapitals"/>
  <system-out/>
  <testcase name="positiveTestCasesSearchByCountryName" time="1.975" classname="TestCapitals"/>
  <system-out/>
  <testcase name="NegativeTestCasesSearchByCountryName" time="3.728" classname="TestCapitals"/>
  <system-out/>
</testsuite> <!-- TestCapitals -->
